<?xml version="1.0" encoding="UTF-8"?>
<!-- Generated by org.testng.reporters.JUnitReportReporter -->
<testsuite hostname="DESKTOP-HBIEH1N" name="com.adminLTE.qa.Testcases.UserPageTest" tests="4" failures="0" timestamp="28 May 2019 09:11:18 GMT" time="11.464" errors="0">
  <testcase name="clickOnAddUserTest" time="0.316" classname="com.adminLTE.qa.Testcases.UserPageTest"/>
  <testcase name="setup" time="9.996" classname="com.adminLTE.qa.Testcases.UserPageTest"/>
  <testcase name="clickOnUsersTest" time="0.357" classname="com.adminLTE.qa.Testcases.UserPageTest"/>
  <testcase name="teardown" time="0.795" classname="com.adminLTE.qa.Testcases.UserPageTest"/>
</testsuite> <!-- com.adminLTE.qa.Testcases.UserPageTest -->
