<?xml version="1.0" encoding="UTF-8"?>
<!-- Generated by org.testng.reporters.JUnitReportReporter -->
<testsuite skipped="0" hostname="DESKTOP-HBIEH1N" name="com.adminLTE.qa.Testcases.LoginPageTest" tests="2" failures="0" timestamp="18 Jun 2019 08:11:49 GMT" time="49.414" errors="0">
  <testcase name="loginpageTitleTest" time="10.817" classname="com.adminLTE.qa.Testcases.LoginPageTest"/>
  <testcase name="loginTest" time="38.597" classname="com.adminLTE.qa.Testcases.LoginPageTest"/>
</testsuite> <!-- com.adminLTE.qa.Testcases.LoginPageTest -->
