<?xml version="1.0" encoding="UTF-8"?>
<!-- Generated by org.testng.reporters.JUnitReportReporter -->
<testsuite skipped="0" hostname="DESKTOP-HBIEH1N" name="com.adminLTE.qa.Testcases.HomePageTest" tests="1" failures="0" timestamp="15 Sep 2019 12:13:37 GMT" time="14.043" errors="0">
  <testcase name="verifyHomePageTitleTest" time="14.043" classname="com.adminLTE.qa.Testcases.HomePageTest"/>
</testsuite> <!-- com.adminLTE.qa.Testcases.HomePageTest -->
